#
# A fatal error has been detected by the Java Runtime Environment:
#
#  SIGSEGV (0xb) at pc=0x000000011cf27cdd, pid=19723, tid=0x0000000000013d07
#
# JRE version: Java(TM) SE Runtime Environment (8.0_111-b14) (build 1.8.0_111-b14)
# Java VM: Java HotSpot(TM) 64-Bit Server VM (25.111-b14 mixed mode bsd-amd64 compressed oops)
# Problematic frame:
# C  [libawt_lwawt.dylib+0x1acdd]  OGLSD_SetScratchSurface+0x49
#
# Failed to write core dump. Core dumps have been disabled. To enable core dumping, try "ulimit -c unlimited" before starting Java again
#
# If you would like to submit a bug report, please visit:
#   http://bugreport.java.com/bugreport/crash.jsp
# The crash happened outside the Java Virtual Machine in native code.
# See problematic frame for where to report the bug.
#

---------------  T H R E A D  ---------------

Current thread (0x00007fd7b2307000):  JavaThread "Java2D Queue Flusher" daemon [_thread_in_native, id=81159, stack(0x000070000dcf8000,0x000070000ddf8000)]

siginfo: si_signo: 11 (SIGSEGV), si_code: 1 (SEGV_MAPERR), si_addr: 0xffffffffffffffff

Registers:
RAX=0x000000011cf92120, RBX=0xffffffffffffffff, RCX=0x000000011cf48b6c, RDX=0x0000000000000000
RSP=0x000070000ddf7830, RBP=0x000070000ddf7850, RSI=0x00007fd7b1fb1ec0, RDI=0x00007fd7b23071f8
R8 =0x00007fff2ce74170, R9 =0xffffffff00000000, R10=0x00007fff8c4b8178, R11=0x0000000000000002
R12=0x0000000000000000, R13=0x0000000740401710, R14=0x00007fd7b23071f8, R15=0x00007fd7b5344e10
RIP=0x000000011cf27cdd, EFLAGS=0x0000000000010286, ERR=0x0000000000000004
  TRAPNO=0x000000000000000e

Top of Stack: (sp=0x000070000ddf7830)
0x000070000ddf7830:   00007fd7b1fb1ec0 0000000000000000
0x000070000ddf7840:   00007fd7b22fec68 00007fd7b5344e10
0x000070000ddf7850:   000070000ddf78d0 000000011cf48322
0x000070000ddf7860:   0000000000000064 00007fd7b440e168
0x000070000ddf7870:   000070000ddf78d0 000000010590ea48
0x000070000ddf7880:   0000000000000005 00007fd7b2307000
0x000070000ddf7890:   0000000740401701 00007fd7b22fec78
0x000070000ddf78a0:   0000700000df7800 00007fd7b23071f8
0x000070000ddf78b0:   0000000000000000 0000000000000000
0x000070000ddf78c0:   000070000ddf7928 00007fd7b2307000
0x000070000ddf78d0:   000070000ddf7920 0000000106b792ea
0x000070000ddf78e0:   0000000740401628 000070000ddf7928
0x000070000ddf78f0:   0000000155ccdb68 0000000000000000
0x000070000ddf7900:   0000000155ccdaf8 0000000000000000
0x000070000ddf7910:   000070000ddf7930 0000000740401710
0x000070000ddf7920:   00000000e80802c5 000000010725d030
0x000070000ddf7930:   0000000740401628 0000000000000000
0x000070000ddf7940:   0000000740401710 0000000000000000
0x000070000ddf7950:   0000000740401710 000070000ddf79f0
0x000070000ddf7960:   0000000000000001 0000000000000000
0x000070000ddf7970:   000070000ddf79f0 00000001065617a7
0x000070000ddf7980:   0000000740effe30 000000079760a7c0
0x000070000ddf7990:   0000700000001fa0 000000000000000a
0x000070000ddf79a0:   00007fd7b2307000 0000000000000001
0x000070000ddf79b0:   000000010656171f 0000000119eaee08
0x000070000ddf79c0:   000070000ddf7a88 000070000ddf7d20
0x000070000ddf79d0:   000000010000000a 0000000119eaee08
0x000070000ddf79e0:   0000000106574120 000070000ddf7c90
0x000070000ddf79f0:   000070000ddf7ba0 00000001058acf8a
0x000070000ddf7a00:   0000700000000001 00007fd7b2307000
0x000070000ddf7a10:   00007fd7b2307000 000070000ddf7d20
0x000070000ddf7a20:   00007fd7b440e160 0000000106574120 

Instructions: (pc=0x000000011cf27cdd)
0x000000011cf27cbd:   c0 e9 82 00 00 00 48 8b 5e 10 48 85 db 75 0e bf
0x000000011cf27ccd:   01 00 00 00 48 8d 15 ef 76 03 00 eb d6 49 89 fe
0x000000011cf27cdd:   4c 8b 3b 30 c0 e8 83 a3 02 00 49 8b 3f 49 89 c4
0x000000011cf27ced:   48 8b 35 34 f9 05 00 30 c0 e8 cb a4 02 00 48 85 

Register to memory mapping:

RAX=0x000000011cf92120: previousOp+0 in /Library/Java/JavaVirtualMachines/jdk1.8.0_111.jdk/Contents/Home/jre/lib/libawt_lwawt.dylib at 0x000000011cf0d000
RBX=0xffffffffffffffff is an unknown value
RCX=0x000000011cf48b6c: OGLRenderQueue_CheckPreviousOp+0x13e in /Library/Java/JavaVirtualMachines/jdk1.8.0_111.jdk/Contents/Home/jre/lib/libawt_lwawt.dylib at 0x000000011cf0d000
RDX=0x0000000000000000 is an unknown value
RSP=0x000070000ddf7830 is pointing into the stack for thread: 0x00007fd7b2307000
RBP=0x000070000ddf7850 is pointing into the stack for thread: 0x00007fd7b2307000
RSI=0x00007fd7b1fb1ec0 is an unknown value
RDI=0x00007fd7b23071f8 is an unknown value
R8 =0x00007fff2ce74170: glrIntelEndPrimitiveBuffer+0 in /System/Library/Extensions/AppleIntelSKLGraphicsGLDriver.bundle/Contents/MacOS/AppleIntelSKLGraphicsGLDriver at 0x00007fff2cc79000
R9 =0xffffffff00000000 is an unknown value
R10=0x00007fff8c4b8178: cvm_data+0x18 in /System/Library/Frameworks/OpenGL.framework/Versions/A/Libraries/libCVMSPluginSupport.dylib at 0x00007fff3c3c5000
R11=0x0000000000000002 is an unknown value
R12=0x0000000000000000 is an unknown value
R13=0x0000000740401710 is an oop
sun.java2d.opengl.OGLRenderQueue$QueueFlusher 
 - klass: 'sun/java2d/opengl/OGLRenderQueue$QueueFlusher'
R14=0x00007fd7b23071f8 is an unknown value
R15=0x00007fd7b5344e10 is an unknown value


Stack: [0x000070000dcf8000,0x000070000ddf8000],  sp=0x000070000ddf7830,  free space=1022k
Native frames: (J=compiled Java code, j=interpreted, Vv=VM code, C=native code)
C  [libawt_lwawt.dylib+0x1acdd]  OGLSD_SetScratchSurface+0x49
C  [libawt_lwawt.dylib+0x3b322]  Java_sun_java2d_opengl_OGLRenderQueue_flushBuffer+0x63a
J 2032  sun.java2d.opengl.OGLRenderQueue.flushBuffer(JI)V (0 bytes) @ 0x0000000106b792ea [0x0000000106b79240+0xaa]
J 4736% C2 sun.java2d.opengl.OGLRenderQueue$QueueFlusher.run()V (234 bytes) @ 0x000000010725d030 [0x000000010725cdc0+0x270]
v  ~StubRoutines::call_stub
V  [libjvm.dylib+0x2ecf8a]
V  [libjvm.dylib+0x2ed718]
V  [libjvm.dylib+0x2ed8c4]
V  [libjvm.dylib+0x348039]
V  [libjvm.dylib+0x56a27b]
V  [libjvm.dylib+0x56b968]
V  [libjvm.dylib+0x489b0a]
C  [libsystem_pthread.dylib+0x32eb]  _pthread_body+0x7e
C  [libsystem_pthread.dylib+0x6249]  _pthread_start+0x42
C  [libsystem_pthread.dylib+0x240d]  thread_start+0xd
C  0x0000000000000000

Java frames: (J=compiled Java code, j=interpreted, Vv=VM code)
J 2032  sun.java2d.opengl.OGLRenderQueue.flushBuffer(JI)V (0 bytes) @ 0x0000000106b79278 [0x0000000106b79240+0x38]
J 4736% C2 sun.java2d.opengl.OGLRenderQueue$QueueFlusher.run()V (234 bytes) @ 0x000000010725d030 [0x000000010725cdc0+0x270]
v  ~StubRoutines::call_stub

---------------  P R O C E S S  ---------------

Java Threads: ( => current thread )
  0x00007fd7b781f000 JavaThread "Thread-304" [_thread_blocked, id=61535, stack(0x000070000e513000,0x000070000e613000)]
  0x00007fd7b7ad8000 JavaThread "Image Fetcher 0" daemon [_thread_blocked, id=77963, stack(0x000070000db6f000,0x000070000dc6f000)]
  0x00007fd7b39fa000 JavaThread "DestroyJavaVM" [_thread_blocked, id=6403, stack(0x000070000cbbf000,0x000070000ccbf000)]
  0x00007fd7b31c2000 JavaThread "SwingWorker-pool-1-thread-2" daemon [_thread_blocked, id=59907, stack(0x000070000e38d000,0x000070000e48d000)]
  0x00007fd7b2580000 JavaThread "TimerQueue" daemon [_thread_blocked, id=75523, stack(0x000070000e28a000,0x000070000e38a000)]
  0x00007fd7b257f000 JavaThread "SwingWorker-pool-1-thread-1" daemon [_thread_blocked, id=59199, stack(0x000070000e187000,0x000070000e287000)]
  0x00007fd7b3873000 JavaThread "AWT-EventQueue-0" [_thread_blocked, id=55739, stack(0x000070000e001000,0x000070000e101000)]
  0x00007fd7b227a800 JavaThread "AWT-Shutdown" [_thread_blocked, id=40123, stack(0x000070000d9e9000,0x000070000dae9000)]
  0x00007fd7b2a05800 JavaThread "Java2D Disposer" daemon [_thread_blocked, id=79911, stack(0x000070000ddfb000,0x000070000defb000)]
=>0x00007fd7b2307000 JavaThread "Java2D Queue Flusher" daemon [_thread_in_native, id=81159, stack(0x000070000dcf8000,0x000070000ddf8000)]
  0x00007fd7b2264800 JavaThread "AppKit Thread" daemon [_thread_in_native, id=775, stack(0x00007ffeeb381000,0x00007ffeebb81000)]
  0x00007fd7b207e800 JavaThread "Service Thread" daemon [_thread_blocked, id=17155, stack(0x000070000d7e3000,0x000070000d8e3000)]
  0x00007fd7b2824800 JavaThread "C1 CompilerThread2" daemon [_thread_blocked, id=17667, stack(0x000070000d6e0000,0x000070000d7e0000)]
  0x00007fd7b3801800 JavaThread "C2 CompilerThread1" daemon [_thread_blocked, id=13315, stack(0x000070000d5dd000,0x000070000d6dd000)]
  0x00007fd7b207f800 JavaThread "C2 CompilerThread0" daemon [_thread_blocked, id=13059, stack(0x000070000d4da000,0x000070000d5da000)]
  0x00007fd7b207d800 JavaThread "Signal Dispatcher" daemon [_thread_blocked, id=12547, stack(0x000070000d3d7000,0x000070000d4d7000)]
  0x00007fd7b2053800 JavaThread "Finalizer" daemon [_thread_blocked, id=11267, stack(0x000070000d2d4000,0x000070000d3d4000)]
  0x00007fd7b280f000 JavaThread "Reference Handler" daemon [_thread_blocked, id=19971, stack(0x000070000d1d1000,0x000070000d2d1000)]

Other Threads:
  0x00007fd7b280c000 VMThread [stack: 0x000070000d0ce000,0x000070000d1ce000] [id=11011]
  0x00007fd7b2098000 WatcherThread [stack: 0x000070000d8e6000,0x000070000d9e6000] [id=16643]

VM state:not at safepoint (normal execution)

VM Mutex/Monitor currently owned by a thread: None

Heap:
 PSYoungGen      total 48640K, used 5927K [0x0000000795580000, 0x000000079a280000, 0x00000007c0000000)
  eden space 37376K, 15% used [0x0000000795580000,0x0000000795b49ef8,0x0000000797a00000)
  from space 11264K, 0% used [0x0000000798b80000,0x0000000798b80000,0x0000000799680000)
  to   space 17920K, 0% used [0x0000000797a00000,0x0000000797a00000,0x0000000798b80000)
 ParOldGen       total 81408K, used 38082K [0x0000000740000000, 0x0000000744f80000, 0x0000000795580000)
  object space 81408K, 46% used [0x0000000740000000,0x0000000742530bd8,0x0000000744f80000)
 Metaspace       used 19356K, capacity 19698K, committed 20096K, reserved 1067008K
  class space    used 2476K, capacity 2588K, committed 2688K, reserved 1048576K

Card table byte_map: [0x0000000104dc0000,0x00000001051c1000] byte_map_base: 0x00000001013c0000

Marking Bits: (ParMarkBitMap*) 0x0000000105eafd20
 Begin Bits: [0x0000000115561000, 0x0000000117561000)
 End Bits:   [0x0000000117561000, 0x0000000119561000)

Polling page: 0x00000001040f7000

CodeCache: size=245760Kb used=15313Kb max_used=15313Kb free=230446Kb
 bounds [0x0000000106561000, 0x0000000107491000, 0x0000000115561000]
 total_blobs=5051 nmethods=4487 adapters=474
 compilation: enabled

Compilation events (10 events):
Event: 52075.385 Thread 0x00007fd7b2824800 nmethod 5672 0x0000000106ca3610 code [0x0000000106ca3780, 0x0000000106ca3928]
Event: 52075.386 Thread 0x00007fd7b2824800 5673       3       javax.swing.JLabel::<init> (92 bytes)
Event: 52075.386 Thread 0x00007fd7b2824800 nmethod 5673 0x0000000106da36d0 code [0x0000000106da3880, 0x0000000106da3ec8]
Event: 52075.387 Thread 0x00007fd7b2824800 5674   !   3       sun.java2d.opengl.OGLSurfaceData::dispose (68 bytes)
Event: 52075.387 Thread 0x00007fd7b3801800 nmethod 5670 0x0000000106d82490 code [0x0000000106d82620, 0x0000000106d82a90]
Event: 52075.393 Thread 0x00007fd7b2824800 nmethod 5674 0x0000000107477450 code [0x0000000107477a00, 0x000000010747bb38]
Event: 52075.393 Thread 0x00007fd7b2824800 5675       3       javax.swing.DefaultButtonModel::<init> (56 bytes)
Event: 52075.394 Thread 0x00007fd7b2824800 nmethod 5675 0x000000010717f2d0 code [0x000000010717f460, 0x000000010717f868]
Event: 52075.394 Thread 0x00007fd7b2824800 5676       3       javax.swing.AbstractButton::setModel (173 bytes)
Event: 52075.398 Thread 0x00007fd7b2824800 nmethod 5676 0x000000010747ee90 code [0x000000010747f2a0, 0x0000000107481b68]

GC Heap History (10 events):
Event: 52037.844 GC heap before
{Heap before GC invocations=187 (full 0):
 PSYoungGen      total 47616K, used 47616K [0x0000000795580000, 0x0000000798e80000, 0x00000007c0000000)
  eden space 47104K, 100% used [0x0000000795580000,0x0000000798380000,0x0000000798380000)
  from space 512K, 100% used [0x0000000798e00000,0x0000000798e80000,0x0000000798e80000)
  to   space 2048K, 0% used [0x0000000798a80000,0x0000000798a80000,0x0000000798c80000)
 ParOldGen       total 87552K, used 46666K [0x0000000740000000, 0x0000000745580000, 0x0000000795580000)
  object space 87552K, 53% used [0x0000000740000000,0x0000000742d92b50,0x0000000745580000)
 Metaspace       used 19257K, capacity 19576K, committed 19840K, reserved 1067008K
  class space    used 2479K, capacity 2593K, committed 2688K, reserved 1048576K
Event: 52037.857 GC heap after
Heap after GC invocations=187 (full 0):
 PSYoungGen      total 48128K, used 2046K [0x0000000795580000, 0x0000000798e80000, 0x00000007c0000000)
  eden space 46080K, 0% used [0x0000000795580000,0x0000000795580000,0x0000000798280000)
  from space 2048K, 99% used [0x0000000798a80000,0x0000000798c7f840,0x0000000798c80000)
  to   space 2048K, 0% used [0x0000000798c80000,0x0000000798c80000,0x0000000798e80000)
 ParOldGen       total 87552K, used 56194K [0x0000000740000000, 0x0000000745580000, 0x0000000795580000)
  object space 87552K, 64% used [0x0000000740000000,0x00000007436e09c0,0x0000000745580000)
 Metaspace       used 19257K, capacity 19576K, committed 19840K, reserved 1067008K
  class space    used 2479K, capacity 2593K, committed 2688K, reserved 1048576K
}
Event: 52056.900 GC heap before
{Heap before GC invocations=188 (full 0):
 PSYoungGen      total 48128K, used 48126K [0x0000000795580000, 0x0000000798e80000, 0x00000007c0000000)
  eden space 46080K, 100% used [0x0000000795580000,0x0000000798280000,0x0000000798280000)
  from space 2048K, 99% used [0x0000000798a80000,0x0000000798c7f840,0x0000000798c80000)
  to   space 2048K, 0% used [0x0000000798c80000,0x0000000798c80000,0x0000000798e80000)
 ParOldGen       total 87552K, used 56194K [0x0000000740000000, 0x0000000745580000, 0x0000000795580000)
  object space 87552K, 64% used [0x0000000740000000,0x00000007436e09c0,0x0000000745580000)
 Metaspace       used 19320K, capacity 19640K, committed 19840K, reserved 1067008K
  class space    used 2479K, capacity 2593K, committed 2688K, reserved 1048576K
Event: 52056.912 GC heap after
Heap after GC invocations=188 (full 0):
 PSYoungGen      total 47104K, used 2016K [0x0000000795580000, 0x0000000799080000, 0x00000007c0000000)
  eden space 45056K, 0% used [0x0000000795580000,0x0000000795580000,0x0000000798180000)
  from space 2048K, 98% used [0x0000000798c80000,0x0000000798e78020,0x0000000798e80000)
  to   space 7680K, 0% used [0x0000000798180000,0x0000000798180000,0x0000000798900000)
 ParOldGen       total 87552K, used 61268K [0x0000000740000000, 0x0000000745580000, 0x0000000795580000)
  object space 87552K, 69% used [0x0000000740000000,0x0000000743bd5170,0x0000000745580000)
 Metaspace       used 19320K, capacity 19640K, committed 19840K, reserved 1067008K
  class space    used 2479K, capacity 2593K, committed 2688K, reserved 1048576K
}
Event: 52064.487 GC heap before
{Heap before GC invocations=189 (full 0):
 PSYoungGen      total 47104K, used 47072K [0x0000000795580000, 0x0000000799080000, 0x00000007c0000000)
  eden space 45056K, 100% used [0x0000000795580000,0x0000000798180000,0x0000000798180000)
  from space 2048K, 98% used [0x0000000798c80000,0x0000000798e78020,0x0000000798e80000)
  to   space 7680K, 0% used [0x0000000798180000,0x0000000798180000,0x0000000798900000)
 ParOldGen       total 87552K, used 61268K [0x0000000740000000, 0x0000000745580000, 0x0000000795580000)
  object space 87552K, 69% used [0x0000000740000000,0x0000000743bd5170,0x0000000745580000)
 Metaspace       used 19334K, capacity 19640K, committed 19840K, reserved 1067008K
  class space    used 2479K, capacity 2593K, committed 2688K, reserved 1048576K
Event: 52064.499 GC heap after
Heap after GC invocations=189 (full 0):
 PSYoungGen      total 51712K, used 7664K [0x0000000795580000, 0x0000000799680000, 0x00000007c0000000)
  eden space 44032K, 0% used [0x0000000795580000,0x0000000795580000,0x0000000798080000)
  from space 7680K, 99% used [0x0000000798180000,0x00000007988fc110,0x0000000798900000)
  to   space 11264K, 0% used [0x0000000798b80000,0x0000000798b80000,0x0000000799680000)
 ParOldGen       total 87552K, used 66193K [0x0000000740000000, 0x0000000745580000, 0x0000000795580000)
  object space 87552K, 75% used [0x0000000740000000,0x00000007440a4418,0x0000000745580000)
 Metaspace       used 19334K, capacity 19640K, committed 19840K, reserved 1067008K
  class space    used 2479K, capacity 2593K, committed 2688K, reserved 1048576K
}
Event: 52075.218 GC heap before
{Heap before GC invocations=190 (full 0):
 PSYoungGen      total 51712K, used 51696K [0x0000000795580000, 0x0000000799680000, 0x00000007c0000000)
  eden space 44032K, 100% used [0x0000000795580000,0x0000000798080000,0x0000000798080000)
  from space 7680K, 99% used [0x0000000798180000,0x00000007988fc110,0x0000000798900000)
  to   space 11264K, 0% used [0x0000000798b80000,0x0000000798b80000,0x0000000799680000)
 ParOldGen       total 87552K, used 66193K [0x0000000740000000, 0x0000000745580000, 0x0000000795580000)
  object space 87552K, 75% used [0x0000000740000000,0x00000007440a4418,0x0000000745580000)
 Metaspace       used 19364K, capacity 19710K, committed 20096K, reserved 1067008K
  class space    used 2479K, capacity 2594K, committed 2688K, reserved 1048576K
Event: 52075.242 GC heap after
Heap after GC invocations=190 (full 0):
 PSYoungGen      total 48640K, used 11246K [0x0000000795580000, 0x000000079a280000, 0x00000007c0000000)
  eden space 37376K, 0% used [0x0000000795580000,0x0000000795580000,0x0000000797a00000)
  from space 11264K, 99% used [0x0000000798b80000,0x000000079967b8c0,0x0000000799680000)
  to   space 17920K, 0% used [0x0000000797a00000,0x0000000797a00000,0x0000000798b80000)
 ParOldGen       total 87552K, used 78812K [0x0000000740000000, 0x0000000745580000, 0x0000000795580000)
  object space 87552K, 90% used [0x0000000740000000,0x0000000744cf7378,0x0000000745580000)
 Metaspace       used 19364K, capacity 19710K, committed 20096K, reserved 1067008K
  class space    used 2479K, capacity 2594K, committed 2688K, reserved 1048576K
}
Event: 52075.244 GC heap before
{Heap before GC invocations=191 (full 1):
 PSYoungGen      total 48640K, used 11246K [0x0000000795580000, 0x000000079a280000, 0x00000007c0000000)
  eden space 37376K, 0% used [0x0000000795580000,0x0000000795580000,0x0000000797a00000)
  from space 11264K, 99% used [0x0000000798b80000,0x000000079967b8c0,0x0000000799680000)
  to   space 17920K, 0% used [0x0000000797a00000,0x0000000797a00000,0x0000000798b80000)
 ParOldGen       total 87552K, used 78812K [0x0000000740000000, 0x0000000745580000, 0x0000000795580000)
  object space 87552K, 90% used [0x0000000740000000,0x0000000744cf7378,0x0000000745580000)
 Metaspace       used 19364K, capacity 19710K, committed 20096K, reserved 1067008K
  class space    used 2479K, capacity 2594K, committed 2688K, reserved 1048576K
Event: 52075.365 GC heap after
Heap after GC invocations=191 (full 1):
 PSYoungGen      total 48640K, used 0K [0x0000000795580000, 0x000000079a280000, 0x00000007c0000000)
  eden space 37376K, 0% used [0x0000000795580000,0x0000000795580000,0x0000000797a00000)
  from space 11264K, 0% used [0x0000000798b80000,0x0000000798b80000,0x0000000799680000)
  to   space 17920K, 0% used [0x0000000797a00000,0x0000000797a00000,0x0000000798b80000)
 ParOldGen       total 81408K, used 38082K [0x0000000740000000, 0x0000000744f80000, 0x0000000795580000)
  object space 81408K, 46% used [0x0000000740000000,0x0000000742530bd8,0x0000000744f80000)
 Metaspace       used 19356K, capacity 19698K, committed 20096K, reserved 1067008K
  class space    used 2476K, capacity 2588K, committed 2688K, reserved 1048576K
}

Deoptimization events (10 events):
Event: 52037.909 Thread 0x00007fd7b7970000 Uncommon trap: reason=class_check action=maybe_recompile pc=0x0000000107308404 method=Hack.HardwareSimulator.HardwareSimulator.getValue(Ljava/lang/String;)Ljava/lang/String; @ 130
Event: 52038.024 Thread 0x00007fd7b7970000 Uncommon trap: reason=unstable_if action=reinterpret pc=0x00000001072496e8 method=Hack.Controller.HackController.miniStep()B @ 437
Event: 52038.368 Thread 0x00007fd7b2685000 Uncommon trap: reason=class_check action=maybe_recompile pc=0x0000000106ca37c8 method=HackGUI.MemoryComponent.updateTable(SI)V @ 14
Event: 52038.669 Thread 0x00007fd7b7970000 Uncommon trap: reason=class_check action=maybe_recompile pc=0x0000000106ca37c8 method=HackGUI.MemoryComponent.updateTable(SI)V @ 14
Event: 52039.320 Thread 0x00007fd7b26a9800 Uncommon trap: reason=class_check action=maybe_recompile pc=0x0000000106ca37c8 method=HackGUI.MemoryComponent.updateTable(SI)V @ 14
Event: 52056.846 Thread 0x00007fd7b3873000 Uncommon trap: reason=unstable_if action=reinterpret pc=0x0000000106ee9894 method=javax.swing.JComponent.paintChildren(Ljava/awt/Graphics;)V @ 159
Event: 52056.924 Thread 0x00007fd7b3873000 Uncommon trap: reason=unstable_if action=reinterpret pc=0x00000001074298c0 method=SimulatorsGUI.ROMComponent$ROMTableCellRenderer.setRenderer(II)V @ 14
Event: 52067.354 Thread 0x00007fd7b3873000 Uncommon trap: reason=unstable_if action=reinterpret pc=0x00000001071e6d98 method=java.util.PriorityQueue.offer(Ljava/lang/Object;)Z @ 33
Event: 52069.108 Thread 0x00007fd7b3873000 Uncommon trap: reason=unstable_if action=reinterpret pc=0x00000001068a6540 method=java.awt.Component.eventTypeEnabled(I)Z @ 235
Event: 52072.747 Thread 0x00007fd7b3873000 Uncommon trap: reason=unstable_if action=reinterpret pc=0x0000000106db7470 method=java.io.StreamTokenizer.nextToken()I @ 451

Internal exceptions (10 events):
Event: 52016.476 Thread 0x00007fd7b3873000 Exception <a 'java/io/FileNotFoundException'> (0x0000000795e0c678) thrown at [/Users/java_re/workspace/8-2-build-macosx-x86_64/jdk8u111/7883/hotspot/src/share/vm/prims/jni.cpp, line 709]
Event: 52016.531 Thread 0x00007fd7b3873000 Exception <a 'java/io/FileNotFoundException'> (0x0000000795e0ce50) thrown at [/Users/java_re/workspace/8-2-build-macosx-x86_64/jdk8u111/7883/hotspot/src/share/vm/prims/jni.cpp, line 709]
Event: 52056.674 Thread 0x00007fd7b3873000 Exception <a 'java/io/FileNotFoundException'> (0x0000000797d400e8) thrown at [/Users/java_re/workspace/8-2-build-macosx-x86_64/jdk8u111/7883/hotspot/src/share/vm/prims/jni.cpp, line 709]
Event: 52056.725 Thread 0x00007fd7b3873000 Exception <a 'java/io/FileNotFoundException'> (0x0000000797d408c0) thrown at [/Users/java_re/workspace/8-2-build-macosx-x86_64/jdk8u111/7883/hotspot/src/share/vm/prims/jni.cpp, line 709]
Event: 52061.280 Thread 0x00007fd7b3873000 Exception <a 'java/io/FileNotFoundException'> (0x0000000796333d70) thrown at [/Users/java_re/workspace/8-2-build-macosx-x86_64/jdk8u111/7883/hotspot/src/share/vm/prims/jni.cpp, line 709]
Event: 52061.333 Thread 0x00007fd7b3873000 Exception <a 'java/io/FileNotFoundException'> (0x0000000796334548) thrown at [/Users/java_re/workspace/8-2-build-macosx-x86_64/jdk8u111/7883/hotspot/src/share/vm/prims/jni.cpp, line 709]
Event: 52068.892 Thread 0x00007fd7b3873000 Exception <a 'java/io/FileNotFoundException'> (0x0000000796437e28) thrown at [/Users/java_re/workspace/8-2-build-macosx-x86_64/jdk8u111/7883/hotspot/src/share/vm/prims/jni.cpp, line 709]
Event: 52068.945 Thread 0x00007fd7b3873000 Exception <a 'java/io/FileNotFoundException'> (0x0000000796438600) thrown at [/Users/java_re/workspace/8-2-build-macosx-x86_64/jdk8u111/7883/hotspot/src/share/vm/prims/jni.cpp, line 709]
Event: 52072.747 Thread 0x00007fd7b3873000 Exception <a 'java/io/FileNotFoundException'> (0x00000007976508c0) thrown at [/Users/java_re/workspace/8-2-build-macosx-x86_64/jdk8u111/7883/hotspot/src/share/vm/prims/jni.cpp, line 709]
Event: 52072.798 Thread 0x00007fd7b3873000 Exception <a 'java/io/FileNotFoundException'> (0x0000000797651098) thrown at [/Users/java_re/workspace/8-2-build-macosx-x86_64/jdk8u111/7883/hotspot/src/share/vm/prims/jni.cpp, line 709]

Events (10 events):
Event: 52075.382 Executing VM operation: RevokeBias
Event: 52075.382 Executing VM operation: RevokeBias done
Event: 52075.382 Executing VM operation: RevokeBias
Event: 52075.382 Executing VM operation: RevokeBias done
Event: 52075.382 Executing VM operation: RevokeBias
Event: 52075.382 Executing VM operation: RevokeBias done
Event: 52075.382 Executing VM operation: RevokeBias
Event: 52075.382 Executing VM operation: RevokeBias done
Event: 52075.391 Executing VM operation: RevokeBias
Event: 52075.391 Executing VM operation: RevokeBias done


Dynamic libraries:
0x0000000007d24000 	/System/Library/Frameworks/Cocoa.framework/Versions/A/Cocoa
0x0000000007d24000 	/System/Library/Frameworks/Security.framework/Versions/A/Security
0x0000000007d24000 	/System/Library/Frameworks/ApplicationServices.framework/Versions/A/ApplicationServices
0x0000000007d24000 	/usr/lib/libz.1.dylib
0x0000000007d24000 	/usr/lib/libSystem.B.dylib
0x0000000007d24000 	/usr/lib/libobjc.A.dylib
0x0000000007d24000 	/System/Library/Frameworks/CoreFoundation.framework/Versions/A/CoreFoundation
0x0000000007d24000 	/System/Library/Frameworks/Foundation.framework/Versions/C/Foundation
0x0000000007d24000 	/System/Library/Frameworks/AppKit.framework/Versions/C/AppKit
0x0000000007d24000 	/System/Library/Frameworks/CoreData.framework/Versions/A/CoreData
0x0000000007d24000 	/System/Library/PrivateFrameworks/RemoteViewServices.framework/Versions/A/RemoteViewServices
0x0000000007d24000 	/System/Library/PrivateFrameworks/UIFoundation.framework/Versions/A/UIFoundation
0x0000000007d24000 	/System/Library/PrivateFrameworks/XCTTargetBootstrap.framework/Versions/A/XCTTargetBootstrap
0x0000000007d24000 	/System/Library/PrivateFrameworks/IconServices.framework/Versions/A/IconServices
0x0000000007d24000 	/System/Library/Frameworks/Metal.framework/Versions/A/Metal
0x0000000007d24000 	/System/Library/PrivateFrameworks/DesktopServicesPriv.framework/Versions/A/DesktopServicesPriv
0x0000000007d24000 	/usr/lib/libenergytrace.dylib
0x0000000007d24000 	/System/Library/PrivateFrameworks/SkyLight.framework/Versions/A/SkyLight
0x0000000007d24000 	/System/Library/Frameworks/CoreGraphics.framework/Versions/A/CoreGraphics
0x0000000007d24000 	/System/Library/Frameworks/Accelerate.framework/Versions/A/Accelerate
0x0000000007d24000 	/System/Library/Frameworks/IOSurface.framework/Versions/A/IOSurface
0x0000000007d24000 	/System/Library/PrivateFrameworks/DFRFoundation.framework/Versions/A/DFRFoundation
0x0000000007d24000 	/System/Library/Frameworks/AudioToolbox.framework/Versions/A/AudioToolbox
0x0000000007d24000 	/System/Library/Frameworks/AudioUnit.framework/Versions/A/AudioUnit
0x0000000007d24000 	/System/Library/PrivateFrameworks/DataDetectorsCore.framework/Versions/A/DataDetectorsCore
0x0000000007d24000 	/System/Library/Frameworks/Carbon.framework/Versions/A/Frameworks/HIToolbox.framework/Versions/A/HIToolbox
0x0000000007d24000 	/usr/lib/libicucore.A.dylib
0x0000000007d24000 	/System/Library/Frameworks/QuartzCore.framework/Versions/A/QuartzCore
0x0000000007d24000 	/System/Library/Frameworks/Carbon.framework/Versions/A/Frameworks/SpeechRecognition.framework/Versions/A/SpeechRecognition
0x0000000007d24000 	/usr/lib/libauto.dylib
0x0000000007d24000 	/usr/lib/libxml2.2.dylib
0x0000000007d24000 	/System/Library/PrivateFrameworks/CoreUI.framework/Versions/A/CoreUI
0x0000000007d24000 	/System/Library/Frameworks/CoreAudio.framework/Versions/A/CoreAudio
0x0000000007d24000 	/System/Library/Frameworks/DiskArbitration.framework/Versions/A/DiskArbitration
0x0000000007d24000 	/usr/lib/liblangid.dylib
0x0000000007d24000 	/System/Library/PrivateFrameworks/MultitouchSupport.framework/Versions/A/MultitouchSupport
0x0000000007d24000 	/System/Library/Frameworks/IOKit.framework/Versions/A/IOKit
0x0000000007d24000 	/usr/lib/libDiagnosticMessagesClient.dylib
0x0000000007d24000 	/System/Library/Frameworks/CoreServices.framework/Versions/A/CoreServices
0x0000000007d24000 	/System/Library/PrivateFrameworks/PerformanceAnalysis.framework/Versions/A/PerformanceAnalysis
0x0000000007d24000 	/System/Library/Frameworks/OpenGL.framework/Versions/A/OpenGL
0x0000000007d24000 	/System/Library/Frameworks/ColorSync.framework/Versions/A/ColorSync
0x0000000007d24000 	/System/Library/Frameworks/CoreImage.framework/Versions/A/CoreImage
0x0000000007d24000 	/System/Library/Frameworks/CoreText.framework/Versions/A/CoreText
0x0000000007d24000 	/System/Library/Frameworks/ImageIO.framework/Versions/A/ImageIO
0x0000000007d24000 	/System/Library/PrivateFrameworks/Backup.framework/Versions/A/Backup
0x0000000007d24000 	/usr/lib/libarchive.2.dylib
0x0000000007d24000 	/System/Library/Frameworks/CFNetwork.framework/Versions/A/CFNetwork
0x0000000007d24000 	/System/Library/Frameworks/SystemConfiguration.framework/Versions/A/SystemConfiguration
0x0000000007d24000 	/usr/lib/libCRFSuite.dylib
0x0000000007d24000 	/usr/lib/libc++.1.dylib
0x0000000007d24000 	/usr/lib/libc++abi.dylib
0x0000000007d24000 	/usr/lib/system/libcache.dylib
0x0000000007d24000 	/usr/lib/system/libcommonCrypto.dylib
0x0000000007d24000 	/usr/lib/system/libcompiler_rt.dylib
0x0000000007d24000 	/usr/lib/system/libcopyfile.dylib
0x0000000007d24000 	/usr/lib/system/libcorecrypto.dylib
0x0000000007d24000 	/usr/lib/system/libdispatch.dylib
0x0000000007d24000 	/usr/lib/system/libdyld.dylib
0x0000000007d24000 	/usr/lib/system/libkeymgr.dylib
0x0000000007d24000 	/usr/lib/system/liblaunch.dylib
0x0000000007d24000 	/usr/lib/system/libmacho.dylib
0x0000000007d24000 	/usr/lib/system/libquarantine.dylib
0x0000000007d24000 	/usr/lib/system/libremovefile.dylib
0x0000000007d24000 	/usr/lib/system/libsystem_asl.dylib
0x0000000007d24000 	/usr/lib/system/libsystem_blocks.dylib
0x0000000007d24000 	/usr/lib/system/libsystem_c.dylib
0x0000000007d24000 	/usr/lib/system/libsystem_configuration.dylib
0x0000000007d24000 	/usr/lib/system/libsystem_coreservices.dylib
0x0000000007d24000 	/usr/lib/system/libsystem_darwin.dylib
0x0000000007d24000 	/usr/lib/system/libsystem_dnssd.dylib
0x0000000007d24000 	/usr/lib/system/libsystem_info.dylib
0x0000000007d24000 	/usr/lib/system/libsystem_m.dylib
0x0000000007d24000 	/usr/lib/system/libsystem_malloc.dylib
0x0000000007d24000 	/usr/lib/system/libsystem_networkextension.dylib
0x0000000007d24000 	/usr/lib/system/libsystem_notify.dylib
0x0000000007d24000 	/usr/lib/system/libsystem_sandbox.dylib
0x0000000007d24000 	/usr/lib/system/libsystem_secinit.dylib
0x0000000007d24000 	/usr/lib/system/libsystem_kernel.dylib
0x0000000007d24000 	/usr/lib/system/libsystem_platform.dylib
0x0000000007d24000 	/usr/lib/system/libsystem_pthread.dylib
0x0000000007d24000 	/usr/lib/system/libsystem_symptoms.dylib
0x0000000007d24000 	/usr/lib/system/libsystem_trace.dylib
0x0000000007d24000 	/usr/lib/system/libunwind.dylib
0x0000000007d24000 	/usr/lib/system/libxpc.dylib
0x0000000007d24000 	/usr/lib/libbsm.0.dylib
0x0000000007d24000 	/usr/lib/system/libkxld.dylib
0x0000000007d24000 	/System/Library/PrivateFrameworks/AppleFSCompression.framework/Versions/A/AppleFSCompression
0x0000000007d24000 	/usr/lib/libOpenScriptingUtil.dylib
0x0000000007d24000 	/usr/lib/libcoretls.dylib
0x0000000007d24000 	/usr/lib/libcoretls_cfhelpers.dylib
0x0000000007d24000 	/usr/lib/libpam.2.dylib
0x0000000007d24000 	/usr/lib/libsqlite3.dylib
0x0000000007d24000 	/usr/lib/libxar.1.dylib
0x0000000007d24000 	/usr/lib/libbz2.1.0.dylib
0x0000000007d24000 	/usr/lib/liblzma.5.dylib
0x0000000007d24000 	/usr/lib/libnetwork.dylib
0x0000000007d24000 	/usr/lib/libapple_nghttp2.dylib
0x0000000007d24000 	/usr/lib/libpcap.A.dylib
0x0000000007d24000 	/System/Library/Frameworks/CoreServices.framework/Versions/A/Frameworks/FSEvents.framework/Versions/A/FSEvents
0x0000000007d24000 	/System/Library/Frameworks/CoreServices.framework/Versions/A/Frameworks/CarbonCore.framework/Versions/A/CarbonCore
0x0000000007d24000 	/System/Library/Frameworks/CoreServices.framework/Versions/A/Frameworks/Metadata.framework/Versions/A/Metadata
0x0000000007d24000 	/System/Library/Frameworks/CoreServices.framework/Versions/A/Frameworks/OSServices.framework/Versions/A/OSServices
0x0000000007d24000 	/System/Library/Frameworks/CoreServices.framework/Versions/A/Frameworks/SearchKit.framework/Versions/A/SearchKit
0x0000000007d24000 	/System/Library/Frameworks/CoreServices.framework/Versions/A/Frameworks/AE.framework/Versions/A/AE
0x0000000007d24000 	/System/Library/Frameworks/CoreServices.framework/Versions/A/Frameworks/LaunchServices.framework/Versions/A/LaunchServices
0x0000000007d24000 	/System/Library/Frameworks/CoreServices.framework/Versions/A/Frameworks/DictionaryServices.framework/Versions/A/DictionaryServices
0x0000000007d24000 	/System/Library/Frameworks/CoreServices.framework/Versions/A/Frameworks/SharedFileList.framework/Versions/A/SharedFileList
0x0000000007d24000 	/System/Library/Frameworks/NetFS.framework/Versions/A/NetFS
0x0000000007d24000 	/System/Library/PrivateFrameworks/NetAuth.framework/Versions/A/NetAuth
0x0000000007d24000 	/System/Library/PrivateFrameworks/login.framework/Versions/A/Frameworks/loginsupport.framework/Versions/A/loginsupport
0x0000000007d24000 	/System/Library/PrivateFrameworks/TCC.framework/Versions/A/TCC
0x0000000007d24000 	/System/Library/PrivateFrameworks/CoreNLP.framework/Versions/A/CoreNLP
0x0000000007d24000 	/System/Library/PrivateFrameworks/MetadataUtilities.framework/Versions/A/MetadataUtilities
0x0000000007d24000 	/usr/lib/libmecabra.dylib
0x0000000007d24000 	/System/Library/Frameworks/ApplicationServices.framework/Versions/A/Frameworks/ATS.framework/Versions/A/ATS
0x0000000007d24000 	/System/Library/Frameworks/ApplicationServices.framework/Versions/A/Frameworks/ColorSyncLegacy.framework/Versions/A/ColorSyncLegacy
0x0000000007d24000 	/System/Library/Frameworks/ApplicationServices.framework/Versions/A/Frameworks/HIServices.framework/Versions/A/HIServices
0x0000000007d24000 	/System/Library/Frameworks/ApplicationServices.framework/Versions/A/Frameworks/LangAnalysis.framework/Versions/A/LangAnalysis
0x0000000007d24000 	/System/Library/Frameworks/ApplicationServices.framework/Versions/A/Frameworks/PrintCore.framework/Versions/A/PrintCore
0x0000000007d24000 	/System/Library/Frameworks/ApplicationServices.framework/Versions/A/Frameworks/QD.framework/Versions/A/QD
0x0000000007d24000 	/System/Library/Frameworks/ApplicationServices.framework/Versions/A/Frameworks/SpeechSynthesis.framework/Versions/A/SpeechSynthesis
0x0000000007d24000 	/usr/lib/libcompression.dylib
0x0000000007d24000 	/System/Library/Frameworks/CoreDisplay.framework/Versions/A/CoreDisplay
0x0000000007d24000 	/System/Library/Frameworks/MetalPerformanceShaders.framework/Versions/A/MetalPerformanceShaders
0x0000000007d24000 	/System/Library/Frameworks/Accelerate.framework/Versions/A/Frameworks/vImage.framework/Versions/A/vImage
0x0000000007d24000 	/System/Library/Frameworks/Accelerate.framework/Versions/A/Frameworks/vecLib.framework/Versions/A/vecLib
0x0000000007d24000 	/System/Library/Frameworks/Accelerate.framework/Versions/A/Frameworks/vecLib.framework/Versions/A/libvMisc.dylib
0x0000000007d24000 	/System/Library/Frameworks/Accelerate.framework/Versions/A/Frameworks/vecLib.framework/Versions/A/libvDSP.dylib
0x0000000007d24000 	/System/Library/Frameworks/Accelerate.framework/Versions/A/Frameworks/vecLib.framework/Versions/A/libBLAS.dylib
0x0000000007d24000 	/System/Library/Frameworks/Accelerate.framework/Versions/A/Frameworks/vecLib.framework/Versions/A/libLAPACK.dylib
0x0000000007d24000 	/System/Library/Frameworks/Accelerate.framework/Versions/A/Frameworks/vecLib.framework/Versions/A/libLinearAlgebra.dylib
0x0000000007d24000 	/System/Library/Frameworks/Accelerate.framework/Versions/A/Frameworks/vecLib.framework/Versions/A/libSparseBLAS.dylib
0x0000000007d24000 	/System/Library/Frameworks/Accelerate.framework/Versions/A/Frameworks/vecLib.framework/Versions/A/libQuadrature.dylib
0x0000000007d24000 	/System/Library/Frameworks/Accelerate.framework/Versions/A/Frameworks/vecLib.framework/Versions/A/libBNNS.dylib
0x0000000007d24000 	/System/Library/Frameworks/Accelerate.framework/Versions/A/Frameworks/vecLib.framework/Versions/A/libSparse.dylib
0x0000000007d24000 	/System/Library/PrivateFrameworks/GPUWrangler.framework/Versions/A/GPUWrangler
0x0000000007d24000 	/System/Library/PrivateFrameworks/IOAccelerator.framework/Versions/A/IOAccelerator
0x0000000007d24000 	/System/Library/PrivateFrameworks/IOPresentment.framework/Versions/A/IOPresentment
0x0000000007d24000 	/System/Library/PrivateFrameworks/DSExternalDisplay.framework/Versions/A/DSExternalDisplay
0x0000000007d24000 	/System/Library/Frameworks/OpenGL.framework/Versions/A/Libraries/libCoreFSCache.dylib
0x0000000007d24000 	/System/Library/Frameworks/MetalPerformanceShaders.framework/Frameworks/MPSCore.framework/Versions/A/MPSCore
0x0000000007d24000 	/System/Library/Frameworks/MetalPerformanceShaders.framework/Frameworks/MPSImage.framework/Versions/A/MPSImage
0x0000000007d24000 	/System/Library/Frameworks/MetalPerformanceShaders.framework/Frameworks/MPSNeuralNetwork.framework/Versions/A/MPSNeuralNetwork
0x0000000007d24000 	/System/Library/Frameworks/MetalPerformanceShaders.framework/Frameworks/MPSMatrix.framework/Versions/A/MPSMatrix
0x0000000007d24000 	/System/Library/Frameworks/MetalPerformanceShaders.framework/Frameworks/MPSRayIntersector.framework/Versions/A/MPSRayIntersector
0x0000000007d24000 	/System/Library/PrivateFrameworks/MetalTools.framework/Versions/A/MetalTools
0x0000000007d24000 	/System/Library/PrivateFrameworks/AggregateDictionary.framework/Versions/A/AggregateDictionary
0x0000000007d24000 	/usr/lib/libMobileGestalt.dylib
0x0000000007d24000 	/System/Library/Frameworks/CoreVideo.framework/Versions/A/CoreVideo
0x0000000007d24000 	/System/Library/PrivateFrameworks/GraphVisualizer.framework/Versions/A/GraphVisualizer
0x0000000007d24000 	/System/Library/PrivateFrameworks/FaceCore.framework/Versions/A/FaceCore
0x0000000007d24000 	/System/Library/Frameworks/OpenCL.framework/Versions/A/OpenCL
0x0000000007d24000 	/usr/lib/libFosl_dynamic.dylib
0x0000000007d24000 	/System/Library/PrivateFrameworks/OTSVG.framework/Versions/A/OTSVG
0x0000000007d24000 	/System/Library/Frameworks/ApplicationServices.framework/Versions/A/Frameworks/ATS.framework/Versions/A/Resources/libFontParser.dylib
0x0000000007d24000 	/System/Library/Frameworks/ApplicationServices.framework/Versions/A/Frameworks/ATS.framework/Versions/A/Resources/libFontRegistry.dylib
0x0000000007d24000 	/System/Library/Frameworks/ImageIO.framework/Versions/A/Resources/libJPEG.dylib
0x0000000007d24000 	/System/Library/Frameworks/ImageIO.framework/Versions/A/Resources/libTIFF.dylib
0x0000000007d24000 	/System/Library/Frameworks/ImageIO.framework/Versions/A/Resources/libPng.dylib
0x0000000007d24000 	/System/Library/Frameworks/ImageIO.framework/Versions/A/Resources/libGIF.dylib
0x0000000007d24000 	/System/Library/Frameworks/ImageIO.framework/Versions/A/Resources/libJP2.dylib
0x0000000007d24000 	/System/Library/Frameworks/ImageIO.framework/Versions/A/Resources/libRadiance.dylib
0x0000000007d24000 	/System/Library/PrivateFrameworks/AppleJPEG.framework/Versions/A/AppleJPEG
0x0000000007d24000 	/System/Library/Frameworks/OpenGL.framework/Versions/A/Libraries/libGFXShared.dylib
0x0000000007d24000 	/System/Library/Frameworks/OpenGL.framework/Versions/A/Libraries/libGLU.dylib
0x0000000007d24000 	/System/Library/Frameworks/OpenGL.framework/Versions/A/Libraries/libGL.dylib
0x0000000007d24000 	/System/Library/Frameworks/OpenGL.framework/Versions/A/Libraries/libGLImage.dylib
0x0000000007d24000 	/System/Library/Frameworks/OpenGL.framework/Versions/A/Libraries/libCVMSPluginSupport.dylib
0x0000000007d24000 	/System/Library/Frameworks/OpenGL.framework/Versions/A/Libraries/libCoreVMClient.dylib
0x0000000007d24000 	/usr/lib/libcups.2.dylib
0x0000000007d24000 	/System/Library/Frameworks/Kerberos.framework/Versions/A/Kerberos
0x0000000007d24000 	/System/Library/Frameworks/GSS.framework/Versions/A/GSS
0x0000000007d24000 	/usr/lib/libresolv.9.dylib
0x0000000007d24000 	/usr/lib/libiconv.2.dylib
0x0000000007d24000 	/System/Library/PrivateFrameworks/Heimdal.framework/Versions/A/Heimdal
0x0000000007d24000 	/usr/lib/libheimdal-asn1.dylib
0x0000000007d24000 	/System/Library/Frameworks/OpenDirectory.framework/Versions/A/OpenDirectory
0x0000000007d24000 	/System/Library/PrivateFrameworks/CommonAuth.framework/Versions/A/CommonAuth
0x0000000007d24000 	/System/Library/Frameworks/OpenDirectory.framework/Versions/A/Frameworks/CFOpenDirectory.framework/Versions/A/CFOpenDirectory
0x0000000007d24000 	/System/Library/Frameworks/SecurityFoundation.framework/Versions/A/SecurityFoundation
0x0000000007d24000 	/System/Library/PrivateFrameworks/APFS.framework/Versions/A/APFS
0x0000000007d24000 	/usr/lib/libutil.dylib
0x0000000007d24000 	/usr/lib/libcharset.1.dylib
0x0000000007d24000 	/System/Library/PrivateFrameworks/AppleSauce.framework/Versions/A/AppleSauce
0x0000000007d24000 	/System/Library/PrivateFrameworks/AssertionServices.framework/Versions/A/AssertionServices
0x0000000007d24000 	/System/Library/PrivateFrameworks/BaseBoard.framework/Versions/A/BaseBoard
0x0000000007d24000 	/usr/lib/libmecab.1.0.0.dylib
0x0000000007d24000 	/usr/lib/libgermantok.dylib
0x0000000007d24000 	/usr/lib/libThaiTokenizer.dylib
0x0000000007d24000 	/usr/lib/libChineseTokenizer.dylib
0x0000000007d24000 	/System/Library/PrivateFrameworks/LanguageModeling.framework/Versions/A/LanguageModeling
0x0000000007d24000 	/System/Library/PrivateFrameworks/CoreEmoji.framework/Versions/A/CoreEmoji
0x0000000007d24000 	/System/Library/PrivateFrameworks/Lexicon.framework/Versions/A/Lexicon
0x0000000007d24000 	/System/Library/PrivateFrameworks/LinguisticData.framework/Versions/A/LinguisticData
0x0000000007d24000 	/usr/lib/libcmph.dylib
0x0000000007d24000 	/System/Library/Frameworks/ServiceManagement.framework/Versions/A/ServiceManagement
0x0000000007d24000 	/System/Library/PrivateFrameworks/BackgroundTaskManagement.framework/Versions/A/BackgroundTaskManagement
0x0000000007d24000 	/usr/lib/libxslt.1.dylib
0x0000000007d24000 	/System/Library/Frameworks/Carbon.framework/Versions/A/Frameworks/Ink.framework/Versions/A/Ink
0x0000000007d24000 	/System/Library/PrivateFrameworks/TextureIO.framework/Versions/A/TextureIO
0x0000000007d24000 	/usr/lib/libate.dylib
0x0000000007d24000 	/System/Library/PrivateFrameworks/CrashReporterSupport.framework/Versions/A/CrashReporterSupport
0x0000000007d24000 	/System/Library/PrivateFrameworks/Sharing.framework/Versions/A/Sharing
0x0000000007d24000 	/System/Library/PrivateFrameworks/AuthKit.framework/Versions/A/AuthKit
0x0000000007d24000 	/System/Library/PrivateFrameworks/Apple80211.framework/Versions/A/Apple80211
0x0000000007d24000 	/System/Library/PrivateFrameworks/CoreUtils.framework/Versions/A/CoreUtils
0x0000000007d24000 	/System/Library/Frameworks/CoreWLAN.framework/Versions/A/CoreWLAN
0x0000000007d24000 	/System/Library/Frameworks/IOBluetooth.framework/Versions/A/IOBluetooth
0x0000000007d24000 	/System/Library/PrivateFrameworks/ProtocolBuffer.framework/Versions/A/ProtocolBuffer
0x0000000007d24000 	/System/Library/PrivateFrameworks/MobileKeyBag.framework/Versions/A/MobileKeyBag
0x0000000007d24000 	/System/Library/PrivateFrameworks/CorePhoneNumbers.framework/Versions/A/CorePhoneNumbers
0x0000000007d24000 	/System/Library/PrivateFrameworks/AppleIDAuthSupport.framework/Versions/A/AppleIDAuthSupport
0x0000000007d24000 	/System/Library/PrivateFrameworks/KeychainCircle.framework/Versions/A/KeychainCircle
0x0000000007d24000 	/System/Library/PrivateFrameworks/ROCKit.framework/Versions/A/ROCKit
0x0000000007d24000 	/System/Library/PrivateFrameworks/CoreWiFi.framework/Versions/A/CoreWiFi
0x0000000007d24000 	/System/Library/Frameworks/CoreBluetooth.framework/Versions/A/CoreBluetooth
0x0000000007d24000 	/System/Library/PrivateFrameworks/DebugSymbols.framework/Versions/A/DebugSymbols
0x0000000007d24000 	/System/Library/PrivateFrameworks/CoreSymbolication.framework/Versions/A/CoreSymbolication
0x0000000007d24000 	/System/Library/PrivateFrameworks/Symbolication.framework/Versions/A/Symbolication
0x0000000007d24000 	/System/Library/PrivateFrameworks/SpeechRecognitionCore.framework/Versions/A/SpeechRecognitionCore
0x00000001055c0000 	/Library/Java/JavaVirtualMachines/jdk1.8.0_111.jdk/Contents/Home/jre/lib/server/libjvm.dylib
0x0000000007d24000 	/usr/lib/libstdc++.6.dylib
0x00000001040b4000 	/Library/Java/JavaVirtualMachines/jdk1.8.0_111.jdk/Contents/Home/jre/lib/libverify.dylib
0x00000001040c2000 	/Library/Java/JavaVirtualMachines/jdk1.8.0_111.jdk/Contents/Home/jre/lib/libjava.dylib
0x0000000104141000 	/Library/Java/JavaVirtualMachines/jdk1.8.0_111.jdk/Contents/Home/jre/lib/libzip.dylib
0x0000000007d24000 	/System/Library/Frameworks/JavaVM.framework/Versions/A/Frameworks/JavaRuntimeSupport.framework/Versions/A/JavaRuntimeSupport
0x0000000007d24000 	/System/Library/Frameworks/JavaVM.framework/Versions/A/Frameworks/JavaNativeFoundation.framework/Versions/A/JavaNativeFoundation
0x0000000007d24000 	/System/Library/Frameworks/JavaVM.framework/Versions/A/JavaVM
0x0000000007d24000 	/System/Library/Frameworks/Carbon.framework/Versions/A/Carbon
0x0000000007d24000 	/System/Library/PrivateFrameworks/JavaLaunching.framework/Versions/A/JavaLaunching
0x0000000007d24000 	/System/Library/Frameworks/Carbon.framework/Versions/A/Frameworks/CommonPanels.framework/Versions/A/CommonPanels
0x0000000007d24000 	/System/Library/Frameworks/Carbon.framework/Versions/A/Frameworks/Help.framework/Versions/A/Help
0x0000000007d24000 	/System/Library/Frameworks/Carbon.framework/Versions/A/Frameworks/ImageCapture.framework/Versions/A/ImageCapture
0x0000000007d24000 	/System/Library/Frameworks/Carbon.framework/Versions/A/Frameworks/OpenScripting.framework/Versions/A/OpenScripting
0x0000000007d24000 	/System/Library/Frameworks/Carbon.framework/Versions/A/Frameworks/Print.framework/Versions/A/Print
0x0000000007d24000 	/System/Library/Frameworks/Carbon.framework/Versions/A/Frameworks/SecurityHI.framework/Versions/A/SecurityHI
0x000000011cd99000 	/Library/Java/JavaVirtualMachines/jdk1.8.0_111.jdk/Contents/Home/jre/lib/libawt.dylib
0x000000011ce41000 	/Library/Java/JavaVirtualMachines/jdk1.8.0_111.jdk/Contents/Home/jre/lib/./libmlib_image.dylib
0x000000011cf0d000 	/Library/Java/JavaVirtualMachines/jdk1.8.0_111.jdk/Contents/Home/jre/lib/libawt_lwawt.dylib
0x000000011cfc2000 	/Library/Java/JavaVirtualMachines/jdk1.8.0_111.jdk/Contents/Home/jre/lib/./libosxapp.dylib
0x0000000007d24000 	/System/Library/Frameworks/ExceptionHandling.framework/Versions/A/ExceptionHandling
0x0000000007d24000 	/System/Library/PrivateFrameworks/CoreServicesInternal.framework/Versions/A/CoreServicesInternal
0x0000000007d24000 	/System/Library/CoreServices/RawCamera.bundle/Contents/MacOS/RawCamera
0x0000000007d24000 	/System/Library/PrivateFrameworks/MobileAsset.framework/Versions/A/MobileAsset
0x0000000007d24000 	/System/Library/PrivateFrameworks/StreamingZip.framework/Versions/A/StreamingZip
0x0000000007d24000 	/System/Library/Frameworks/MediaToolbox.framework/Versions/A/MediaToolbox
0x0000000007d24000 	/System/Library/PrivateFrameworks/CoreAVCHD.framework/Versions/A/CoreAVCHD
0x0000000007d24000 	/System/Library/Frameworks/MediaAccessibility.framework/Versions/A/MediaAccessibility
0x0000000007d24000 	/System/Library/PrivateFrameworks/Mangrove.framework/Versions/A/Mangrove
0x0000000007d24000 	/System/Library/Frameworks/CoreMedia.framework/Versions/A/CoreMedia
0x0000000007d24000 	/System/Library/Frameworks/VideoToolbox.framework/Versions/A/VideoToolbox
0x0000000007d24000 	/System/Library/PrivateFrameworks/CoreAUC.framework/Versions/A/CoreAUC
0x0000000007d24000 	/usr/lib/libspindump.dylib
0x0000000007d24000 	/System/Library/PrivateFrameworks/AppleVA.framework/Versions/A/AppleVA
0x0000000007d24000 	/System/Library/Frameworks/Accelerate.framework/Versions/A/Frameworks/vImage.framework/Versions/A/Libraries/libCGInterfaces.dylib
0x0000000007d24000 	/System/Library/Frameworks/ApplicationServices.framework/Versions/A/Frameworks/ATS.framework/Versions/A/Resources/libTrueTypeScaler.dylib
0x0000000007d24000 	/System/Library/Extensions/AppleIntelSKLGraphicsMTLDriver.bundle/Contents/MacOS/AppleIntelSKLGraphicsMTLDriver
0x0000000007d24000 	/System/Library/PrivateFrameworks/GPUCompiler.framework/Versions/3902/Libraries/libmetal_timestamp.dylib
0x0000000007d24000 	/System/Library/PrivateFrameworks/FamilyControls.framework/Versions/A/FamilyControls
0x0000000007d24000 	/System/Library/PrivateFrameworks/CommerceKit.framework/Versions/A/Frameworks/CommerceCore.framework/Versions/A/CommerceCore
0x0000000007d24000 	/System/Library/PrivateFrameworks/SystemAdministration.framework/Versions/A/SystemAdministration
0x0000000007d24000 	/System/Library/PrivateFrameworks/AppContainer.framework/Versions/A/AppContainer
0x0000000007d24000 	/System/Library/PrivateFrameworks/AppSandbox.framework/Versions/A/AppSandbox
0x0000000007d24000 	/System/Library/PrivateFrameworks/SecCodeWrapper.framework/Versions/A/SecCodeWrapper
0x0000000007d24000 	/usr/lib/libsandbox.1.dylib
0x0000000007d24000 	/usr/lib/libMatch.1.dylib
0x0000000007d24000 	/System/Library/PrivateFrameworks/DiskManagement.framework/Versions/A/DiskManagement
0x0000000007d24000 	/System/Library/Frameworks/DirectoryService.framework/Versions/A/DirectoryService
0x0000000007d24000 	/System/Library/PrivateFrameworks/DiskImages.framework/Versions/A/DiskImages
0x0000000007d24000 	/System/Library/PrivateFrameworks/LoginUIKit.framework/Versions/A/Frameworks/LoginUICore.framework/Versions/A/LoginUICore
0x0000000007d24000 	/usr/lib/libCoreStorage.dylib
0x0000000007d24000 	/usr/lib/libcsfde.dylib
0x0000000007d24000 	/usr/lib/libodfde.dylib
0x0000000007d24000 	/System/Library/PrivateFrameworks/MediaKit.framework/Versions/A/MediaKit
0x0000000007d24000 	/System/Library/Frameworks/DiscRecording.framework/Versions/A/DiscRecording
0x0000000007d24000 	/System/Library/PrivateFrameworks/EFILogin.framework/Versions/A/EFILogin
0x0000000007d24000 	/System/Library/PrivateFrameworks/ProtectedCloudStorage.framework/Versions/A/ProtectedCloudStorage
0x0000000007d24000 	/usr/lib/libcurl.4.dylib
0x0000000007d24000 	/usr/lib/libcrypto.42.dylib
0x0000000007d24000 	/usr/lib/libssl.44.dylib
0x0000000007d24000 	/System/Library/Frameworks/LDAP.framework/Versions/A/LDAP
0x0000000007d24000 	/System/Library/PrivateFrameworks/TrustEvaluationAgent.framework/Versions/A/TrustEvaluationAgent
0x0000000007d24000 	/usr/lib/libsasl2.2.dylib
0x0000000007d24000 	/System/Library/PrivateFrameworks/CoreDaemon.framework/Versions/B/CoreDaemon
0x0000000007d24000 	/System/Library/PrivateFrameworks/AppleSRP.framework/Versions/A/AppleSRP
0x0000000007d24000 	/System/Library/PrivateFrameworks/ViewBridge.framework/Versions/A/ViewBridge
0x000000011ff60000 	/Library/Java/JavaVirtualMachines/jdk1.8.0_111.jdk/Contents/Home/jre/lib/libfontmanager.dylib
0x000000011ffc7000 	/Library/Java/JavaVirtualMachines/jdk1.8.0_111.jdk/Contents/Home/jre/lib/libosxui.dylib
0x0000000007d24000 	/System/Library/Frameworks/OpenGL.framework/Versions/A/Resources/GLEngine.bundle/GLEngine
0x0000000007d24000 	/System/Library/Frameworks/OpenGL.framework/Versions/A/Libraries/libGLProgrammability.dylib
0x0000000007d24000 	/System/Library/Extensions/AppleIntelSKLGraphicsGLDriver.bundle/Contents/MacOS/AppleIntelSKLGraphicsGLDriver
0x0000000007d24000 	/System/Library/PrivateFrameworks/GPUSupport.framework/Versions/A/Libraries/libGPUSupportMercury.dylib
0x0000000007d24000 	/System/Library/Frameworks/OpenGL.framework/Versions/A/Resources/GLRendererFloat.bundle/GLRendererFloat
0x0000000007d24000 	/System/Library/Frameworks/OpenCL.framework/Versions/A/Libraries/libcldcpuengine.dylib
0x0000000007d24000 	/usr/lib/libcrypto.35.dylib
0x0000000121b90000 	/Library/Java/JavaVirtualMachines/jdk1.8.0_111.jdk/Contents/Home/jre/lib/libnet.dylib
0x0000000121ba7000 	/Library/Java/JavaVirtualMachines/jdk1.8.0_111.jdk/Contents/Home/jre/lib/libnio.dylib
0x0000000007d24000 	/System/Library/PrivateFrameworks/CloudDocs.framework/Versions/A/CloudDocs
0x0000000007d24000 	/System/Library/PrivateFrameworks/FileProvider.framework/Versions/A/FileProvider
0x0000000007d24000 	/System/Library/PrivateFrameworks/SpotlightIndex.framework/Versions/A/SpotlightIndex
0x0000000007d24000 	/System/Library/PrivateFrameworks/SymptomDiagnosticReporter.framework/Versions/A/SymptomDiagnosticReporter
0x0000000007d24000 	/System/Library/PrivateFrameworks/GenerationalStorage.framework/Versions/A/GenerationalStorage
0x0000000007d24000 	/System/Library/PrivateFrameworks/ChunkingLibrary.framework/Versions/A/ChunkingLibrary
0x0000000007d24000 	/System/Library/PrivateFrameworks/PowerLog.framework/Versions/A/PowerLog
0x0000000007d24000 	/System/Library/PrivateFrameworks/CoreAnalytics.framework/Versions/A/CoreAnalytics
0x000000011f7d7000 	/usr/lib/libobjc-trampolines.dylib
0x0000000153396000 	/Library/Java/JavaVirtualMachines/jdk1.8.0_111.jdk/Contents/Home/jre/lib/libdcpr.dylib
0x0000000007d24000 	/System/Library/PrivateFrameworks/login.framework/Versions/A/login

VM Arguments:
java_command: HardwareSimulatorMain
java_class_path (initial): :bin/classes:BuiltIn:bin/lib/Hack.jar:bin/lib/HackGUI.jar:bin/lib/Simulators.jar:bin/lib/SimulatorsGUI.jar:bin/lib/Compilers.jar
Launcher Type: SUN_STANDARD

Environment Variables:
PATH=/usr/local/opt/python@2/libexec/bin:/usr/local/opt/gnu-sed/libexec/gnubin:/usr/local/opt/coreutils/libexec/gnubin:/usr/local/bin:/Users/gordo/bin:/usr/bin:/bin:/usr/sbin:/sbin:/usr/local/opt/fzf/bin:/Users/gordo/go-workspace/bin:/usr/local/opt/go/libexec/bin
SHELL=/bin/bash
DISPLAY=/private/tmp/com.apple.launchd.NzglUEbCEJ/org.macosforge.xquartz:0

Signal Handlers:
SIGSEGV: [libjvm.dylib+0x5b03ed], sa_mask[0]=11111111011111110111111111111111, sa_flags=SA_ONSTACK|SA_RESTART|SA_SIGINFO
SIGBUS: [libjvm.dylib+0x5b03ed], sa_mask[0]=11111111011111110111111111111111, sa_flags=SA_RESTART|SA_SIGINFO
SIGFPE: [libjvm.dylib+0x48711c], sa_mask[0]=11111111011111110111111111111111, sa_flags=SA_RESTART|SA_SIGINFO
SIGPIPE: [libjvm.dylib+0x48711c], sa_mask[0]=11111111011111110111111111111111, sa_flags=SA_RESTART|SA_SIGINFO
SIGXFSZ: [libjvm.dylib+0x48711c], sa_mask[0]=11111111011111110111111111111111, sa_flags=SA_RESTART|SA_SIGINFO
SIGILL: [libjvm.dylib+0x48711c], sa_mask[0]=11111111011111110111111111111111, sa_flags=SA_RESTART|SA_SIGINFO
SIGUSR1: SIG_DFL, sa_mask[0]=00000000000000000000000000000000, sa_flags=SA_RESTART
SIGUSR2: [libjvm.dylib+0x486c3a], sa_mask[0]=00000000000000000000000000000000, sa_flags=SA_RESTART|SA_SIGINFO
SIGHUP: [libjvm.dylib+0x485211], sa_mask[0]=11111111011111110111111111111111, sa_flags=SA_RESTART|SA_SIGINFO
SIGINT: SIG_IGN, sa_mask[0]=00000000000000000000000000000000, sa_flags=none
SIGTERM: [libjvm.dylib+0x485211], sa_mask[0]=11111111011111110111111111111111, sa_flags=SA_RESTART|SA_SIGINFO
SIGQUIT: [libjvm.dylib+0x485211], sa_mask[0]=11111111011111110111111111111111, sa_flags=SA_RESTART|SA_SIGINFO


---------------  S Y S T E M  ---------------

OS:Bsduname:Darwin 18.5.0 Darwin Kernel Version 18.5.0: Mon Mar 11 20:40:32 PDT 2019; root:xnu-4903.251.3~3/RELEASE_X86_64 x86_64
rlimit: STACK 8192k, CORE 0k, NPROC 709, NOFILE 10240, AS infinity
load average:1.83 1.76 1.62

CPU:total 4 (2 cores per cpu, 2 threads per core) family 6 model 78 stepping 3, cmov, cx8, fxsr, mmx, sse, sse2, sse3, ssse3, sse4.1, sse4.2, popcnt, avx, avx2, aes, clmul, erms, rtm, 3dnowpref, lzcnt, ht, tsc, tscinvbit, bmi1, bmi2, adx

Memory: 4k page, physical 8388608k(372240k free)

/proc/meminfo:


vm_info: Java HotSpot(TM) 64-Bit Server VM (25.111-b14) for bsd-amd64 JRE (1.8.0_111-b14), built on Sep 22 2016 15:31:41 by "java_re" with gcc 4.2.1 (Based on Apple Inc. build 5658) (LLVM build 2336.11.00)

time: Mon Apr  8 20:13:55 2019
elapsed time: 52075 seconds (0d 14h 27m 55s)

